<?xml version="1.0" encoding="UTF-8"?>
<testsuite name="inheritance.LibraryTest" tests="1" skipped="0" failures="0" errors="0" timestamp="2021-07-05T22:15:10" hostname="DESKTOP-S7PLQMF" time="0.021">
  <properties/>
  <testcase name="addReviewResTest()" classname="inheritance.LibraryTest" time="0.021"/>
  <system-out><![CDATA[]]></system-out>
  <system-err><![CDATA[]]></system-err>
</testsuite>
